

Started GET "/assets/rails.png" for 127.0.0.1 at Sun Jul 01 18:32:52 +0530 2012
Connecting to database specified by database.yml
Served asset /rails.png - 304 Not Modified (12ms)


Started GET "/say/hello" for 127.0.0.1 at Sun Jul 01 18:38:04 +0530 2012

ActionController::RoutingError (No route matches [GET] "/say/hello"):
  actionpack (3.2.6) lib/action_dispatch/middleware/debug_exceptions.rb:21:in `call'
  actionpack (3.2.6) lib/action_dispatch/middleware/show_exceptions.rb:56:in `call'
  railties (3.2.6) lib/rails/rack/logger.rb:26:in `call_app'
  railties (3.2.6) lib/rails/rack/logger.rb:16:in `call'
  actionpack (3.2.6) lib/action_dispatch/middleware/request_id.rb:22:in `call'
  rack (1.4.1) lib/rack/methodoverride.rb:21:in `call'
  rack (1.4.1) lib/rack/runtime.rb:17:in `call'
  activesupport (3.2.6) lib/active_support/cache/strategy/local_cache.rb:72:in `call'
  rack (1.4.1) lib/rack/lock.rb:15:in `call'
  actionpack (3.2.6) lib/action_dispatch/middleware/static.rb:62:in `call'
  railties (3.2.6) lib/rails/engine.rb:479:in `call'
  railties (3.2.6) lib/rails/application.rb:220:in `call'
  rack (1.4.1) lib/rack/content_length.rb:14:in `call'
  railties (3.2.6) lib/rails/rack/log_tailer.rb:17:in `call'
  rack (1.4.1) lib/rack/handler/webrick.rb:59:in `service'
  /usr/lib/ruby/1.8/webrick/httpserver.rb:104:in `service'
  /usr/lib/ruby/1.8/webrick/httpserver.rb:65:in `run'
  /usr/lib/ruby/1.8/webrick/server.rb:173:in `start_thread'
  /usr/lib/ruby/1.8/webrick/server.rb:162:in `start'
  /usr/lib/ruby/1.8/webrick/server.rb:162:in `start_thread'
  /usr/lib/ruby/1.8/webrick/server.rb:95:in `start'
  /usr/lib/ruby/1.8/webrick/server.rb:92:in `each'
  /usr/lib/ruby/1.8/webrick/server.rb:92:in `start'
  /usr/lib/ruby/1.8/webrick/server.rb:23:in `start'
  /usr/lib/ruby/1.8/webrick/server.rb:82:in `start'
  rack (1.4.1) lib/rack/handler/webrick.rb:13:in `run'
  rack (1.4.1) lib/rack/server.rb:265:in `start'
  railties (3.2.6) lib/rails/commands/server.rb:70:in `start'
  railties (3.2.6) lib/rails/commands.rb:55
  railties (3.2.6) lib/rails/commands.rb:50:in `tap'
  railties (3.2.6) lib/rails/commands.rb:50
  script/rails:6:in `require'
  script/rails:6


  Rendered /usr/lib/ruby/gems/1.8/gems/actionpack-3.2.6/lib/action_dispatch/middleware/templates/rescues/routing_error.erb within rescues/layout (78.7ms)


Started GET "/say/hello/" for 127.0.0.1 at Sun Jul 01 18:42:07 +0530 2012

ActionController::RoutingError (No route matches [GET] "/say/hello"):
  actionpack (3.2.6) lib/action_dispatch/middleware/debug_exceptions.rb:21:in `call'
  actionpack (3.2.6) lib/action_dispatch/middleware/show_exceptions.rb:56:in `call'
  railties (3.2.6) lib/rails/rack/logger.rb:26:in `call_app'
  railties (3.2.6) lib/rails/rack/logger.rb:16:in `call'
  actionpack (3.2.6) lib/action_dispatch/middleware/request_id.rb:22:in `call'
  rack (1.4.1) lib/rack/methodoverride.rb:21:in `call'
  rack (1.4.1) lib/rack/runtime.rb:17:in `call'
  activesupport (3.2.6) lib/active_support/cache/strategy/local_cache.rb:72:in `call'
  rack (1.4.1) lib/rack/lock.rb:15:in `call'
  actionpack (3.2.6) lib/action_dispatch/middleware/static.rb:62:in `call'
  railties (3.2.6) lib/rails/engine.rb:479:in `call'
  railties (3.2.6) lib/rails/application.rb:220:in `call'
  rack (1.4.1) lib/rack/content_length.rb:14:in `call'
  railties (3.2.6) lib/rails/rack/log_tailer.rb:17:in `call'
  rack (1.4.1) lib/rack/handler/webrick.rb:59:in `service'
  /usr/lib/ruby/1.8/webrick/httpserver.rb:104:in `service'
  /usr/lib/ruby/1.8/webrick/httpserver.rb:65:in `run'
  /usr/lib/ruby/1.8/webrick/server.rb:173:in `start_thread'
  /usr/lib/ruby/1.8/webrick/server.rb:162:in `start'
  /usr/lib/ruby/1.8/webrick/server.rb:162:in `start_thread'
  /usr/lib/ruby/1.8/webrick/server.rb:95:in `start'
  /usr/lib/ruby/1.8/webrick/server.rb:92:in `each'
  /usr/lib/ruby/1.8/webrick/server.rb:92:in `start'
  /usr/lib/ruby/1.8/webrick/server.rb:23:in `start'
  /usr/lib/ruby/1.8/webrick/server.rb:82:in `start'
  rack (1.4.1) lib/rack/handler/webrick.rb:13:in `run'
  rack (1.4.1) lib/rack/server.rb:265:in `start'
  railties (3.2.6) lib/rails/commands/server.rb:70:in `start'
  railties (3.2.6) lib/rails/commands.rb:55
  railties (3.2.6) lib/rails/commands.rb:50:in `tap'
  railties (3.2.6) lib/rails/commands.rb:50
  script/rails:6:in `require'
  script/rails:6


  Rendered /usr/lib/ruby/gems/1.8/gems/actionpack-3.2.6/lib/action_dispatch/middleware/templates/rescues/routing_error.erb within rescues/layout (1.1ms)


Started GET "/assets/rails.png" for 127.0.0.1 at Sun Jul 01 18:53:51 +0530 2012
Connecting to database specified by database.yml
Served asset /rails.png - 304 Not Modified (78ms)


Started GET "/say/hello" for 127.0.0.1 at Sun Jul 01 18:53:57 +0530 2012

ActionController::RoutingError (No route matches [GET] "/say/hello"):
  actionpack (3.2.6) lib/action_dispatch/middleware/debug_exceptions.rb:21:in `call'
  actionpack (3.2.6) lib/action_dispatch/middleware/show_exceptions.rb:56:in `call'
  railties (3.2.6) lib/rails/rack/logger.rb:26:in `call_app'
  railties (3.2.6) lib/rails/rack/logger.rb:16:in `call'
  actionpack (3.2.6) lib/action_dispatch/middleware/request_id.rb:22:in `call'
  rack (1.4.1) lib/rack/methodoverride.rb:21:in `call'
  rack (1.4.1) lib/rack/runtime.rb:17:in `call'
  activesupport (3.2.6) lib/active_support/cache/strategy/local_cache.rb:72:in `call'
  rack (1.4.1) lib/rack/lock.rb:15:in `call'
  actionpack (3.2.6) lib/action_dispatch/middleware/static.rb:62:in `call'
  railties (3.2.6) lib/rails/engine.rb:479:in `call'
  railties (3.2.6) lib/rails/application.rb:220:in `call'
  rack (1.4.1) lib/rack/content_length.rb:14:in `call'
  railties (3.2.6) lib/rails/rack/log_tailer.rb:17:in `call'
  rack (1.4.1) lib/rack/handler/webrick.rb:59:in `service'
  /usr/lib/ruby/1.8/webrick/httpserver.rb:104:in `service'
  /usr/lib/ruby/1.8/webrick/httpserver.rb:65:in `run'
  /usr/lib/ruby/1.8/webrick/server.rb:173:in `start_thread'
  /usr/lib/ruby/1.8/webrick/server.rb:162:in `start'
  /usr/lib/ruby/1.8/webrick/server.rb:162:in `start_thread'
  /usr/lib/ruby/1.8/webrick/server.rb:95:in `start'
  /usr/lib/ruby/1.8/webrick/server.rb:92:in `each'
  /usr/lib/ruby/1.8/webrick/server.rb:92:in `start'
  /usr/lib/ruby/1.8/webrick/server.rb:23:in `start'
  /usr/lib/ruby/1.8/webrick/server.rb:82:in `start'
  rack (1.4.1) lib/rack/handler/webrick.rb:13:in `run'
  rack (1.4.1) lib/rack/server.rb:265:in `start'
  railties (3.2.6) lib/rails/commands/server.rb:70:in `start'
  railties (3.2.6) lib/rails/commands.rb:55
  railties (3.2.6) lib/rails/commands.rb:50:in `tap'
  railties (3.2.6) lib/rails/commands.rb:50
  script/rails:6:in `require'
  script/rails:6


  Rendered /usr/lib/ruby/gems/1.8/gems/actionpack-3.2.6/lib/action_dispatch/middleware/templates/rescues/routing_error.erb within rescues/layout (7.1ms)


Started GET "/assets/rails.png" for 127.0.0.1 at Sun Jul 01 18:55:51 +0530 2012
Served asset /rails.png - 304 Not Modified (0ms)


Started GET "/assets/rails.png" for 127.0.0.1 at Sun Jul 01 19:02:32 +0530 2012
Served asset /rails.png - 304 Not Modified (0ms)


Started GET "/say/hello" for 127.0.0.1 at Sun Jul 01 19:02:54 +0530 2012

ActionController::RoutingError (No route matches [GET] "/say/hello"):
  actionpack (3.2.6) lib/action_dispatch/middleware/debug_exceptions.rb:21:in `call'
  actionpack (3.2.6) lib/action_dispatch/middleware/show_exceptions.rb:56:in `call'
  railties (3.2.6) lib/rails/rack/logger.rb:26:in `call_app'
  railties (3.2.6) lib/rails/rack/logger.rb:16:in `call'
  actionpack (3.2.6) lib/action_dispatch/middleware/request_id.rb:22:in `call'
  rack (1.4.1) lib/rack/methodoverride.rb:21:in `call'
  rack (1.4.1) lib/rack/runtime.rb:17:in `call'
  activesupport (3.2.6) lib/active_support/cache/strategy/local_cache.rb:72:in `call'
  rack (1.4.1) lib/rack/lock.rb:15:in `call'
  actionpack (3.2.6) lib/action_dispatch/middleware/static.rb:62:in `call'
  railties (3.2.6) lib/rails/engine.rb:479:in `call'
  railties (3.2.6) lib/rails/application.rb:220:in `call'
  rack (1.4.1) lib/rack/content_length.rb:14:in `call'
  railties (3.2.6) lib/rails/rack/log_tailer.rb:17:in `call'
  rack (1.4.1) lib/rack/handler/webrick.rb:59:in `service'
  /usr/lib/ruby/1.8/webrick/httpserver.rb:104:in `service'
  /usr/lib/ruby/1.8/webrick/httpserver.rb:65:in `run'
  /usr/lib/ruby/1.8/webrick/server.rb:173:in `start_thread'
  /usr/lib/ruby/1.8/webrick/server.rb:162:in `start'
  /usr/lib/ruby/1.8/webrick/server.rb:162:in `start_thread'
  /usr/lib/ruby/1.8/webrick/server.rb:95:in `start'
  /usr/lib/ruby/1.8/webrick/server.rb:92:in `each'
  /usr/lib/ruby/1.8/webrick/server.rb:92:in `start'
  /usr/lib/ruby/1.8/webrick/server.rb:23:in `start'
  /usr/lib/ruby/1.8/webrick/server.rb:82:in `start'
  rack (1.4.1) lib/rack/handler/webrick.rb:13:in `run'
  rack (1.4.1) lib/rack/server.rb:265:in `start'
  railties (3.2.6) lib/rails/commands/server.rb:70:in `start'
  railties (3.2.6) lib/rails/commands.rb:55
  railties (3.2.6) lib/rails/commands.rb:50:in `tap'
  railties (3.2.6) lib/rails/commands.rb:50
  script/rails:6:in `require'
  script/rails:6


  Rendered /usr/lib/ruby/gems/1.8/gems/actionpack-3.2.6/lib/action_dispatch/middleware/templates/rescues/routing_error.erb within rescues/layout (1.1ms)


Started GET "/assets/rails.png" for 127.0.0.1 at Mon Jul 02 19:22:00 +0530 2012
Connecting to database specified by database.yml
Served asset /rails.png - 304 Not Modified (32ms)


Started GET "/assets/rails.png" for 127.0.0.1 at Mon Jul 02 19:23:12 +0530 2012
Served asset /rails.png - 304 Not Modified (0ms)


Started GET "/" for 127.0.0.1 at Mon Jul 02 19:24:48 +0530 2012
Processing by HomeController#index as HTML
  Rendered home/index.html.erb within layouts/application (3.7ms)
Compiled home.css  (34ms)  (pid 2934)
Compiled say.css  (4ms)  (pid 2934)
Compiled application.css  (84ms)  (pid 2934)
Compiled jquery.js  (20ms)  (pid 2934)
Compiled jquery_ujs.js  (2ms)  (pid 2934)
Compiled home.js  (774ms)  (pid 2934)
Compiled say.js  (335ms)  (pid 2934)
Compiled application.js  (1382ms)  (pid 2934)
Completed 200 OK in 1661ms (Views: 1659.8ms | ActiveRecord: 0.0ms)


Started GET "/assets/application.css?body=1" for 127.0.0.1 at Mon Jul 02 19:24:50 +0530 2012
Served asset /application.css - 200 OK (161ms)


Started GET "/assets/home.css?body=1" for 127.0.0.1 at Mon Jul 02 19:24:50 +0530 2012
Served asset /home.css - 200 OK (8ms)


Started GET "/assets/say.css?body=1" for 127.0.0.1 at Mon Jul 02 19:24:50 +0530 2012
Served asset /say.css - 200 OK (8ms)


Started GET "/assets/jquery.js?body=1" for 127.0.0.1 at Mon Jul 02 19:24:50 +0530 2012
Served asset /jquery.js - 200 OK (9ms)


Started GET "/assets/jquery_ujs.js?body=1" for 127.0.0.1 at Mon Jul 02 19:24:50 +0530 2012
Served asset /jquery_ujs.js - 200 OK (7ms)


Started GET "/assets/home.js?body=1" for 127.0.0.1 at Mon Jul 02 19:24:50 +0530 2012
Served asset /home.js - 200 OK (5ms)


Started GET "/assets/say.js?body=1" for 127.0.0.1 at Mon Jul 02 19:24:50 +0530 2012
Served asset /say.js - 200 OK (5ms)


Started GET "/assets/application.js?body=1" for 127.0.0.1 at Mon Jul 02 19:24:50 +0530 2012
Served asset /application.js - 200 OK (23ms)
