Connecting to database specified by database.yml


Started GET "/" for 127.0.0.1 at 2012-07-17 07:41:26 +0530
Processing by HomeController#index as HTML
  Rendered home/index.html.erb within layouts/application (47.5ms)
Compiled dashboard.css  (28ms)  (pid 7724)
Compiled home.css  (1ms)  (pid 7724)
Compiled application.css  (45ms)  (pid 7724)
Compiled jquery.js  (5ms)  (pid 7724)
Compiled jquery_ujs.js  (0ms)  (pid 7724)
Compiled dashboard.js  (124ms)  (pid 7724)
Compiled home.js  (0ms)  (pid 7724)
Compiled application.js  (210ms)  (pid 7724)
Completed 200 OK in 428ms (Views: 427.4ms | ActiveRecord: 0.0ms)


Started GET "/assets/application.css?body=1" for 127.0.0.1 at 2012-07-17 07:41:26 +0530
Served asset /application.css - 304 Not Modified (14ms)


Started GET "/assets/dashboard.css?body=1" for 127.0.0.1 at 2012-07-17 07:41:26 +0530
Served asset /dashboard.css - 304 Not Modified (3ms)


Started GET "/assets/application.js?body=1" for 127.0.0.1 at 2012-07-17 07:41:26 +0530
Served asset /application.js - 304 Not Modified (22ms)


Started GET "/assets/home.css?body=1" for 127.0.0.1 at 2012-07-17 07:41:26 +0530
Served asset /home.css - 304 Not Modified (3ms)


Started GET "/assets/home.js?body=1" for 127.0.0.1 at 2012-07-17 07:41:26 +0530
Served asset /home.js - 304 Not Modified (4ms)


Started GET "/assets/jquery_ujs.js?body=1" for 127.0.0.1 at 2012-07-17 07:41:26 +0530
Served asset /jquery_ujs.js - 304 Not Modified (3ms)


Started GET "/assets/dashboard.js?body=1" for 127.0.0.1 at 2012-07-17 07:41:26 +0530
Served asset /dashboard.js - 304 Not Modified (3ms)


Started GET "/assets/jquery.js?body=1" for 127.0.0.1 at 2012-07-17 07:41:26 +0530
Served asset /jquery.js - 304 Not Modified (2ms)


Started GET "/users/sign_in" for 127.0.0.1 at 2012-07-17 07:41:29 +0530
Processing by Devise::SessionsController#new as HTML
  Rendered devise/shared/_links.erb (1.8ms)
  Rendered devise/sessions/new.html.erb within layouts/application (54.9ms)
Completed 200 OK in 187ms (Views: 62.9ms | ActiveRecord: 2.5ms)


Started GET "/assets/application.css?body=1" for 127.0.0.1 at 2012-07-17 07:41:29 +0530
Served asset /application.css - 304 Not Modified (0ms)


Started GET "/assets/home.css?body=1" for 127.0.0.1 at 2012-07-17 07:41:29 +0530
Served asset /home.css - 304 Not Modified (3ms)


Started GET "/assets/dashboard.css?body=1" for 127.0.0.1 at 2012-07-17 07:41:29 +0530
Served asset /dashboard.css - 304 Not Modified (0ms)


Started GET "/assets/jquery.js?body=1" for 127.0.0.1 at 2012-07-17 07:41:29 +0530
Served asset /jquery.js - 304 Not Modified (2ms)


Started GET "/assets/jquery_ujs.js?body=1" for 127.0.0.1 at 2012-07-17 07:41:29 +0530
Served asset /jquery_ujs.js - 304 Not Modified (0ms)


Started GET "/assets/dashboard.js?body=1" for 127.0.0.1 at 2012-07-17 07:41:29 +0530
Served asset /dashboard.js - 304 Not Modified (1ms)


Started GET "/assets/home.js?body=1" for 127.0.0.1 at 2012-07-17 07:41:29 +0530
Served asset /home.js - 304 Not Modified (0ms)


Started GET "/assets/application.js?body=1" for 127.0.0.1 at 2012-07-17 07:41:29 +0530
Served asset /application.js - 304 Not Modified (1ms)


Started GET "/users/PESIT%20logo.jpg" for 127.0.0.1 at 2012-07-17 07:41:29 +0530

ActionController::RoutingError (No route matches [GET] "/users/PESIT%20logo.jpg"):
  actionpack (3.2.6) lib/action_dispatch/middleware/debug_exceptions.rb:21:in `call'
  actionpack (3.2.6) lib/action_dispatch/middleware/show_exceptions.rb:56:in `call'
  railties (3.2.6) lib/rails/rack/logger.rb:26:in `call_app'
  railties (3.2.6) lib/rails/rack/logger.rb:16:in `call'
  actionpack (3.2.6) lib/action_dispatch/middleware/request_id.rb:22:in `call'
  rack (1.4.1) lib/rack/methodoverride.rb:21:in `call'
  rack (1.4.1) lib/rack/runtime.rb:17:in `call'
  activesupport (3.2.6) lib/active_support/cache/strategy/local_cache.rb:72:in `call'
  rack (1.4.1) lib/rack/lock.rb:15:in `call'
  actionpack (3.2.6) lib/action_dispatch/middleware/static.rb:62:in `call'
  railties (3.2.6) lib/rails/engine.rb:479:in `call'
  railties (3.2.6) lib/rails/application.rb:220:in `call'
  rack (1.4.1) lib/rack/content_length.rb:14:in `call'
  railties (3.2.6) lib/rails/rack/log_tailer.rb:17:in `call'
  rack (1.4.1) lib/rack/handler/webrick.rb:59:in `service'
  /home/nb/.rvm/rubies/ruby-1.9.3-p194/lib/ruby/1.9.1/webrick/httpserver.rb:138:in `service'
  /home/nb/.rvm/rubies/ruby-1.9.3-p194/lib/ruby/1.9.1/webrick/httpserver.rb:94:in `run'
  /home/nb/.rvm/rubies/ruby-1.9.3-p194/lib/ruby/1.9.1/webrick/server.rb:191:in `block in start_thread'


  Rendered /home/nb/.rvm/gems/ruby-1.9.3-p194/gems/actionpack-3.2.6/lib/action_dispatch/middleware/templates/rescues/routing_error.erb within rescues/layout (0.7ms)


Started POST "/users/sign_in" for 127.0.0.1 at 2012-07-17 07:41:33 +0530
Processing by Devise::SessionsController#create as HTML
  Parameters: {"utf8"=>"✓", "authenticity_token"=>"4VFowgbvHnrYEIeJwd+EoFUVXGdV7ykgaxIw7cbVhms=", "user"=>{"USN"=>"123", "remember_me"=>"0"}, "commit"=>"Sign in"}
Completed 401 Unauthorized in 2ms
Processing by Devise::SessionsController#new as HTML
  Parameters: {"utf8"=>"✓", "authenticity_token"=>"4VFowgbvHnrYEIeJwd+EoFUVXGdV7ykgaxIw7cbVhms=", "user"=>{"USN"=>"123", "remember_me"=>"0"}, "commit"=>"Sign in"}
  Rendered devise/shared/_links.erb (0.5ms)
  Rendered devise/sessions/new.html.erb within layouts/application (4.5ms)
Completed 200 OK in 15ms (Views: 13.6ms | ActiveRecord: 0.0ms)


Started GET "/assets/application.css?body=1" for 127.0.0.1 at 2012-07-17 07:41:33 +0530
Served asset /application.css - 304 Not Modified (0ms)


Started GET "/assets/home.css?body=1" for 127.0.0.1 at 2012-07-17 07:41:33 +0530
Served asset /home.css - 304 Not Modified (0ms)


Started GET "/assets/jquery_ujs.js?body=1" for 127.0.0.1 at 2012-07-17 07:41:33 +0530
Served asset /jquery_ujs.js - 304 Not Modified (0ms)


Started GET "/assets/dashboard.css?body=1" for 127.0.0.1 at 2012-07-17 07:41:33 +0530
Served asset /dashboard.css - 304 Not Modified (0ms)


Started GET "/assets/jquery.js?body=1" for 127.0.0.1 at 2012-07-17 07:41:33 +0530
Served asset /jquery.js - 304 Not Modified (1ms)


Started GET "/assets/dashboard.js?body=1" for 127.0.0.1 at 2012-07-17 07:41:33 +0530
Served asset /dashboard.js - 304 Not Modified (0ms)


Started GET "/assets/home.js?body=1" for 127.0.0.1 at 2012-07-17 07:41:33 +0530
Served asset /home.js - 304 Not Modified (0ms)


Started GET "/assets/application.js?body=1" for 127.0.0.1 at 2012-07-17 07:41:33 +0530
Served asset /application.js - 304 Not Modified (2ms)


Started GET "/assets/jquery_ujs.js?body=1" for 127.0.0.1 at 2012-07-17 07:41:33 +0530
Served asset /jquery_ujs.js - 304 Not Modified (0ms)


Started GET "/assets/dashboard.js?body=1" for 127.0.0.1 at 2012-07-17 07:41:33 +0530
Served asset /dashboard.js - 304 Not Modified (0ms)


Started GET "/assets/home.js?body=1" for 127.0.0.1 at 2012-07-17 07:41:34 +0530
Served asset /home.js - 304 Not Modified (0ms)


Started GET "/assets/application.js?body=1" for 127.0.0.1 at 2012-07-17 07:41:34 +0530
Served asset /application.js - 304 Not Modified (3ms)


Started GET "/users/PESIT%20logo.jpg" for 127.0.0.1 at 2012-07-17 07:41:34 +0530

ActionController::RoutingError (No route matches [GET] "/users/PESIT%20logo.jpg"):
  actionpack (3.2.6) lib/action_dispatch/middleware/debug_exceptions.rb:21:in `call'
  actionpack (3.2.6) lib/action_dispatch/middleware/show_exceptions.rb:56:in `call'
  railties (3.2.6) lib/rails/rack/logger.rb:26:in `call_app'
  railties (3.2.6) lib/rails/rack/logger.rb:16:in `call'
  actionpack (3.2.6) lib/action_dispatch/middleware/request_id.rb:22:in `call'
  rack (1.4.1) lib/rack/methodoverride.rb:21:in `call'
  rack (1.4.1) lib/rack/runtime.rb:17:in `call'
  activesupport (3.2.6) lib/active_support/cache/strategy/local_cache.rb:72:in `call'
  rack (1.4.1) lib/rack/lock.rb:15:in `call'
  actionpack (3.2.6) lib/action_dispatch/middleware/static.rb:62:in `call'
  railties (3.2.6) lib/rails/engine.rb:479:in `call'
  railties (3.2.6) lib/rails/application.rb:220:in `call'
  rack (1.4.1) lib/rack/content_length.rb:14:in `call'
  railties (3.2.6) lib/rails/rack/log_tailer.rb:17:in `call'
  rack (1.4.1) lib/rack/handler/webrick.rb:59:in `service'
  /home/nb/.rvm/rubies/ruby-1.9.3-p194/lib/ruby/1.9.1/webrick/httpserver.rb:138:in `service'
  /home/nb/.rvm/rubies/ruby-1.9.3-p194/lib/ruby/1.9.1/webrick/httpserver.rb:94:in `run'
  /home/nb/.rvm/rubies/ruby-1.9.3-p194/lib/ruby/1.9.1/webrick/server.rb:191:in `block in start_thread'


  Rendered /home/nb/.rvm/gems/ruby-1.9.3-p194/gems/actionpack-3.2.6/lib/action_dispatch/middleware/templates/rescues/routing_error.erb within rescues/layout (0.7ms)
